<!DOCTYPE html PUBLIC "-//W3C//DTD XHTML 1.1//EN" "http://www.w3.org/TR/xhtml11/DTD/xhtml11.dtd">
<html xmlns="http://www.w3.org/1999/xhtml"><head><title>TestNG Report</title><style type="text/css">table {margin-bottom:10px;border-collapse:collapse;empty-cells:show}th,td {border:1px solid #009;padding:.25em .5em}th {vertical-align:bottom}td {vertical-align:top}table a {font-weight:bold}.stripe td {background-color: #E6EBF9}.num {text-align:right}.passedodd td {background-color: #3F3}.passedeven td {background-color: #0A0}.skippedodd td {background-color: #DDD}.skippedeven td {background-color: #CCC}.failedodd td,.attn {background-color: #F33}.failedeven td,.stripe .attn {background-color: #D00}.stacktrace {white-space:pre;font-family:monospace}.totop {font-size:85%;text-align:center;border-bottom:2px solid #000}</style></head><body><table><tr><th>Test</th><th># Passed</th><th># Skipped</th><th># Failed</th><th>Time (ms)</th><th>Included Groups</th><th>Excluded Groups</th></tr><tr><th colspan="7">Default suite</th></tr><tr><td><a href="#t0">Default test</a></td><td class="num">13</td><td class="num">0</td><td class="num attn">2</td><td class="num">510</td><td></td><td></td></tr></table><table><thead><tr><th>Class</th><th>Method</th><th>Start</th><th>Time (ms)</th></tr></thead><tbody><tr><th colspan="4">Default suite</th></tr></tbody><tbody id="t0"><tr><th colspan="4">Default test &#8212; failed</th></tr><tr class="failedeven"><td rowspan="2">unittesting.mock.MockitoExampleTest</td><td><a href="#m0">testMoreThanOneReturnValue</a></td><td rowspan="1">1571067697573</td><td rowspan="1">17</td></tr><tr class="failedeven"><td><a href="#m1">testStringMockEquals</a></td><td rowspan="1">1571067697605</td><td rowspan="1">1</td></tr><tr><th colspan="4">Default test &#8212; passed</th></tr><tr class="passedeven"><td rowspan="2">unittesting.mock.LoginServiceTest</td><td><a href="#m2">loginBasic</a></td><td rowspan="1">1571067697607</td><td rowspan="1">14</td></tr><tr class="passedeven"><td><a href="#m3">loginBasicFalse</a></td><td rowspan="1">1571067697621</td><td rowspan="1">1</td></tr><tr class="passedodd"><td rowspan="6">unittesting.mock.MockitoExampleTest</td><td><a href="#m4">testCallMethodThatIsNotMocked</a></td><td rowspan="1">1571067697569</td><td rowspan="1">1</td></tr><tr class="passedodd"><td><a href="#m5">testForIOException</a></td><td rowspan="1">1571067697570</td><td rowspan="1">2</td></tr><tr class="passedodd"><td><a href="#m6">testReturnValueDependentOnMethodParameter</a></td><td rowspan="1">1571067697591</td><td rowspan="1">10</td></tr><tr class="passedodd"><td><a href="#m7">testReturnValueInDependentOnMethodParameter</a></td><td rowspan="1">1571067697601</td><td rowspan="1">1</td></tr><tr class="passedodd"><td><a href="#m8">testSimpleReturnValue</a></td><td rowspan="1">1571067697602</td><td rowspan="1">1</td></tr><tr class="passedodd"><td><a href="#m9">testSimpleReturnValue2</a></td><td rowspan="1">1571067697603</td><td rowspan="1">1</td></tr><tr class="passedeven"><td rowspan="3">unittesting.mock.MockitoVerify</td><td><a href="#m10">testVerify</a></td><td rowspan="1">1571067697555</td><td rowspan="1">7</td></tr><tr class="passedeven"><td><a href="#m11">testVerifyInOrder</a></td><td rowspan="1">1571067697562</td><td rowspan="1">4</td></tr><tr class="passedeven"><td><a href="#m12">testVerifyNoMoreInteractions</a></td><td rowspan="1">1571067697567</td><td rowspan="1">1</td></tr><tr class="passedodd"><td rowspan="2">unittesting.mock.SpyTest</td><td><a href="#m13">SpyTest</a></td><td rowspan="1">1571067697121</td><td rowspan="1">407</td></tr><tr class="passedodd"><td><a href="#m14">testCallMethodThatIsNotMocked</a></td><td rowspan="1">1571067697529</td><td rowspan="1">24</td></tr></tbody></table><h2>Default test</h2><h3 id="m0">unittesting.mock.MockitoExampleTest#testMoreThanOneReturnValue</h3><table class="result"><tr><th>Exception</th></tr><tr><td><div class="stacktrace">java.lang.AssertionError: expected [Hello bug-seeders!] but found [Hello testers!]
	at org.testng.Assert.fail(Assert.java:94)
	at org.testng.Assert.failNotEquals(Assert.java:513)
	at org.testng.Assert.assertEqualsImpl(Assert.java:135)
	at org.testng.Assert.assertEquals(Assert.java:116)
	at org.testng.Assert.assertEquals(Assert.java:190)
	at org.testng.Assert.assertEquals(Assert.java:200)
	at unittesting.mock.MockitoExampleTest.testMoreThanOneReturnValue(MockitoExampleTest.java:67)
	at sun.reflect.NativeMethodAccessorImpl.invoke0(Native Method)
	at sun.reflect.NativeMethodAccessorImpl.invoke(NativeMethodAccessorImpl.java:62)
	at sun.reflect.DelegatingMethodAccessorImpl.invoke(DelegatingMethodAccessorImpl.java:43)
	at java.lang.reflect.Method.invoke(Method.java:498)
	at org.testng.internal.MethodInvocationHelper.invokeMethod(MethodInvocationHelper.java:86)
	at org.testng.internal.Invoker.invokeMethod(Invoker.java:643)
	at org.testng.internal.Invoker.invokeTestMethod(Invoker.java:820)
	at org.testng.internal.Invoker.invokeTestMethods(Invoker.java:1128)
	at org.testng.internal.TestMethodWorker.invokeTestMethods(TestMethodWorker.java:129)
	at org.testng.internal.TestMethodWorker.run(TestMethodWorker.java:112)
	at org.testng.TestRunner.privateRun(TestRunner.java:782)
	at org.testng.TestRunner.run(TestRunner.java:632)
	at org.testng.SuiteRunner.runTest(SuiteRunner.java:366)
	at org.testng.SuiteRunner.runSequentially(SuiteRunner.java:361)
	at org.testng.SuiteRunner.privateRun(SuiteRunner.java:319)
	at org.testng.SuiteRunner.run(SuiteRunner.java:268)
	at org.testng.SuiteRunnerWorker.runSuite(SuiteRunnerWorker.java:52)
	at org.testng.SuiteRunnerWorker.run(SuiteRunnerWorker.java:86)
	at org.testng.TestNG.runSuitesSequentially(TestNG.java:1244)
	at org.testng.TestNG.runSuitesLocally(TestNG.java:1169)
	at org.testng.TestNG.run(TestNG.java:1064)
	at org.testng.remote.AbstractRemoteTestNG.run(AbstractRemoteTestNG.java:114)
	at org.testng.remote.RemoteTestNG.initAndRun(RemoteTestNG.java:251)
	at org.testng.remote.RemoteTestNG.main(RemoteTestNG.java:77)
</div></td></tr></table><p class="totop"><a href="#summary">back to summary</a></p><h3 id="m1">unittesting.mock.MockitoExampleTest#testStringMockEquals</h3><table class="result"><tr><th>Exception</th></tr><tr><td><div class="stacktrace">org.mockito.exceptions.base.MockitoException: 
Cannot mock/spy class java.lang.String
Mockito cannot mock/spy because :
 - final or anonymous class
	at unittesting.mock.MockitoExampleTest.testStringMockEquals(MockitoExampleTest.java:108)
	at sun.reflect.NativeMethodAccessorImpl.invoke0(Native Method)
	at sun.reflect.NativeMethodAccessorImpl.invoke(NativeMethodAccessorImpl.java:62)
	at sun.reflect.DelegatingMethodAccessorImpl.invoke(DelegatingMethodAccessorImpl.java:43)
	at java.lang.reflect.Method.invoke(Method.java:498)
	at org.testng.internal.MethodInvocationHelper.invokeMethod(MethodInvocationHelper.java:86)
	at org.testng.internal.Invoker.invokeMethod(Invoker.java:643)
	at org.testng.internal.Invoker.invokeTestMethod(Invoker.java:820)
	at org.testng.internal.Invoker.invokeTestMethods(Invoker.java:1128)
	at org.testng.internal.TestMethodWorker.invokeTestMethods(TestMethodWorker.java:129)
	at org.testng.internal.TestMethodWorker.run(TestMethodWorker.java:112)
	at org.testng.TestRunner.privateRun(TestRunner.java:782)
	at org.testng.TestRunner.run(TestRunner.java:632)
	at org.testng.SuiteRunner.runTest(SuiteRunner.java:366)
	at org.testng.SuiteRunner.runSequentially(SuiteRunner.java:361)
	at org.testng.SuiteRunner.privateRun(SuiteRunner.java:319)
	at org.testng.SuiteRunner.run(SuiteRunner.java:268)
	at org.testng.SuiteRunnerWorker.runSuite(SuiteRunnerWorker.java:52)
	at org.testng.SuiteRunnerWorker.run(SuiteRunnerWorker.java:86)
	at org.testng.TestNG.runSuitesSequentially(TestNG.java:1244)
	at org.testng.TestNG.runSuitesLocally(TestNG.java:1169)
	at org.testng.TestNG.run(TestNG.java:1064)
	at org.testng.remote.AbstractRemoteTestNG.run(AbstractRemoteTestNG.java:114)
	at org.testng.remote.RemoteTestNG.initAndRun(RemoteTestNG.java:251)
	at org.testng.remote.RemoteTestNG.main(RemoteTestNG.java:77)
</div></td></tr></table><p class="totop"><a href="#summary">back to summary</a></p><h3 id="m2">unittesting.mock.LoginServiceTest#loginBasic</h3><table class="result"></table><p class="totop"><a href="#summary">back to summary</a></p><h3 id="m3">unittesting.mock.LoginServiceTest#loginBasicFalse</h3><table class="result"></table><p class="totop"><a href="#summary">back to summary</a></p><h3 id="m4">unittesting.mock.MockitoExampleTest#testCallMethodThatIsNotMocked</h3><table class="result"></table><p class="totop"><a href="#summary">back to summary</a></p><h3 id="m5">unittesting.mock.MockitoExampleTest#testForIOException</h3><table class="result"><tr><th>Expected Exception</th></tr><tr><td><div class="stacktrace">java.io.IOException
	at unittesting.mock.MockitoExampleTest.testForIOException(MockitoExampleTest.java:53)
	at sun.reflect.NativeMethodAccessorImpl.invoke0(Native Method)
	at sun.reflect.NativeMethodAccessorImpl.invoke(NativeMethodAccessorImpl.java:62)
	at sun.reflect.DelegatingMethodAccessorImpl.invoke(DelegatingMethodAccessorImpl.java:43)
	at java.lang.reflect.Method.invoke(Method.java:498)
	at org.testng.internal.MethodInvocationHelper.invokeMethod(MethodInvocationHelper.java:86)
	at org.testng.internal.Invoker.invokeMethod(Invoker.java:643)
	at org.testng.internal.Invoker.invokeTestMethod(Invoker.java:820)
	at org.testng.internal.Invoker.invokeTestMethods(Invoker.java:1128)
	at org.testng.internal.TestMethodWorker.invokeTestMethods(TestMethodWorker.java:129)
	at org.testng.internal.TestMethodWorker.run(TestMethodWorker.java:112)
	at org.testng.TestRunner.privateRun(TestRunner.java:782)
	at org.testng.TestRunner.run(TestRunner.java:632)
	at org.testng.SuiteRunner.runTest(SuiteRunner.java:366)
	at org.testng.SuiteRunner.runSequentially(SuiteRunner.java:361)
	at org.testng.SuiteRunner.privateRun(SuiteRunner.java:319)
	at org.testng.SuiteRunner.run(SuiteRunner.java:268)
	at org.testng.SuiteRunnerWorker.runSuite(SuiteRunnerWorker.java:52)
	at org.testng.SuiteRunnerWorker.run(SuiteRunnerWorker.java:86)
	at org.testng.TestNG.runSuitesSequentially(TestNG.java:1244)
	at org.testng.TestNG.runSuitesLocally(TestNG.java:1169)
	at org.testng.TestNG.run(TestNG.java:1064)
	at org.testng.remote.AbstractRemoteTestNG.run(AbstractRemoteTestNG.java:114)
	at org.testng.remote.RemoteTestNG.initAndRun(RemoteTestNG.java:251)
	at org.testng.remote.RemoteTestNG.main(RemoteTestNG.java:77)
</div></td></tr></table><p class="totop"><a href="#summary">back to summary</a></p><h3 id="m6">unittesting.mock.MockitoExampleTest#testReturnValueDependentOnMethodParameter</h3><table class="result"></table><p class="totop"><a href="#summary">back to summary</a></p><h3 id="m7">unittesting.mock.MockitoExampleTest#testReturnValueInDependentOnMethodParameter</h3><table class="result"></table><p class="totop"><a href="#summary">back to summary</a></p><h3 id="m8">unittesting.mock.MockitoExampleTest#testSimpleReturnValue</h3><table class="result"></table><p class="totop"><a href="#summary">back to summary</a></p><h3 id="m9">unittesting.mock.MockitoExampleTest#testSimpleReturnValue2</h3><table class="result"></table><p class="totop"><a href="#summary">back to summary</a></p><h3 id="m10">unittesting.mock.MockitoVerify#testVerify</h3><table class="result"></table><p class="totop"><a href="#summary">back to summary</a></p><h3 id="m11">unittesting.mock.MockitoVerify#testVerifyInOrder</h3><table class="result"></table><p class="totop"><a href="#summary">back to summary</a></p><h3 id="m12">unittesting.mock.MockitoVerify#testVerifyNoMoreInteractions</h3><table class="result"></table><p class="totop"><a href="#summary">back to summary</a></p><h3 id="m13">unittesting.mock.SpyTest#SpyTest</h3><table class="result"></table><p class="totop"><a href="#summary">back to summary</a></p><h3 id="m14">unittesting.mock.SpyTest#testCallMethodThatIsNotMocked</h3><table class="result"></table><p class="totop"><a href="#summary">back to summary</a></p></body></html>